Performing C SOURCE FILE Test CMAKE_HAVE_LIBC_PTHREAD failed with the following output:
Change Dir: /home/cciadmin/Infocom2023-RIC-O-Demo/build/CMakeFiles/CMakeTmp

Run Build Command(s):/usr/bin/make cmTC_ee186/fast && /usr/bin/make -f CMakeFiles/cmTC_ee186.dir/build.make CMakeFiles/cmTC_ee186.dir/build
make[1]: Entering directory '/home/cciadmin/Infocom2023-RIC-O-Demo/build/CMakeFiles/CMakeTmp'
Building C object CMakeFiles/cmTC_ee186.dir/src.c.o
/usr/bin/cc   -DCMAKE_HAVE_LIBC_PTHREAD   -o CMakeFiles/cmTC_ee186.dir/src.c.o   -c /home/cciadmin/Infocom2023-RIC-O-Demo/build/CMakeFiles/CMakeTmp/src.c
Linking C executable cmTC_ee186
/usr/bin/cmake -E cmake_link_script CMakeFiles/cmTC_ee186.dir/link.txt --verbose=1
/usr/bin/cc  -DCMAKE_HAVE_LIBC_PTHREAD    -rdynamic CMakeFiles/cmTC_ee186.dir/src.c.o  -o cmTC_ee186 
/usr/bin/ld: CMakeFiles/cmTC_ee186.dir/src.c.o: in function `main':
src.c:(.text+0x46): undefined reference to `pthread_create'
/usr/bin/ld: src.c:(.text+0x52): undefined reference to `pthread_detach'
/usr/bin/ld: src.c:(.text+0x63): undefined reference to `pthread_join'
collect2: error: ld returned 1 exit status
make[1]: *** [CMakeFiles/cmTC_ee186.dir/build.make:87: cmTC_ee186] Error 1
make[1]: Leaving directory '/home/cciadmin/Infocom2023-RIC-O-Demo/build/CMakeFiles/CMakeTmp'
make: *** [Makefile:121: cmTC_ee186/fast] Error 2


Source file was:
#include <pthread.h>

void* test_func(void* data)
{
  return data;
}

int main(void)
{
  pthread_t thread;
  pthread_create(&thread, NULL, test_func, NULL);
  pthread_detach(thread);
  pthread_join(thread, NULL);
  pthread_atfork(NULL, NULL, NULL);
  pthread_exit(NULL);

  return 0;
}

Determining if the function pthread_create exists in the pthreads failed with the following output:
Change Dir: /home/cciadmin/Infocom2023-RIC-O-Demo/build/CMakeFiles/CMakeTmp

Run Build Command(s):/usr/bin/make cmTC_e5f7e/fast && /usr/bin/make -f CMakeFiles/cmTC_e5f7e.dir/build.make CMakeFiles/cmTC_e5f7e.dir/build
make[1]: Entering directory '/home/cciadmin/Infocom2023-RIC-O-Demo/build/CMakeFiles/CMakeTmp'
Building C object CMakeFiles/cmTC_e5f7e.dir/CheckFunctionExists.c.o
/usr/bin/cc   -DCHECK_FUNCTION_EXISTS=pthread_create   -o CMakeFiles/cmTC_e5f7e.dir/CheckFunctionExists.c.o   -c /usr/share/cmake-3.16/Modules/CheckFunctionExists.c
Linking C executable cmTC_e5f7e
/usr/bin/cmake -E cmake_link_script CMakeFiles/cmTC_e5f7e.dir/link.txt --verbose=1
/usr/bin/cc  -DCHECK_FUNCTION_EXISTS=pthread_create    -rdynamic CMakeFiles/cmTC_e5f7e.dir/CheckFunctionExists.c.o  -o cmTC_e5f7e  -lpthreads 
/usr/bin/ld: cannot find -lpthreads
collect2: error: ld returned 1 exit status
make[1]: *** [CMakeFiles/cmTC_e5f7e.dir/build.make:87: cmTC_e5f7e] Error 1
make[1]: Leaving directory '/home/cciadmin/Infocom2023-RIC-O-Demo/build/CMakeFiles/CMakeTmp'
make: *** [Makefile:121: cmTC_e5f7e/fast] Error 2



Performing C++ SOURCE FILE Test UHD_ENABLE_X300_FW_RESET failed with the following output:
Change Dir: /home/cciadmin/Infocom2023-RIC-O-Demo/build/CMakeFiles/CMakeTmp

Run Build Command(s):/usr/bin/make cmTC_0f004/fast && /usr/bin/make -f CMakeFiles/cmTC_0f004.dir/build.make CMakeFiles/cmTC_0f004.dir/build
make[1]: Entering directory '/home/cciadmin/Infocom2023-RIC-O-Demo/build/CMakeFiles/CMakeTmp'
Building CXX object CMakeFiles/cmTC_0f004.dir/src.cxx.o
/usr/bin/c++    -DUHD_ENABLE_X300_FW_RESET  -L/usr/local/lib   -o CMakeFiles/cmTC_0f004.dir/src.cxx.o -c /home/cciadmin/Infocom2023-RIC-O-Demo/build/CMakeFiles/CMakeTmp/src.cxx
Linking CXX executable cmTC_0f004
/usr/bin/cmake -E cmake_link_script CMakeFiles/cmTC_0f004.dir/link.txt --verbose=1
/usr/bin/c++   -DUHD_ENABLE_X300_FW_RESET  -L/usr/local/lib    -rdynamic CMakeFiles/cmTC_0f004.dir/src.cxx.o  -o cmTC_0f004  -luhd -lboost_program_options -lboost_system 
/usr/bin/ld: CMakeFiles/cmTC_0f004.dir/src.cxx.o: in function `try_usrp_x300_reset()':
src.cxx:(.text+0xf8): undefined reference to `x300_make_ctrl_iface_enet(boost::shared_ptr<uhd::transport::udp_simple>, bool)'
collect2: error: ld returned 1 exit status
make[1]: *** [CMakeFiles/cmTC_0f004.dir/build.make:87: cmTC_0f004] Error 1
make[1]: Leaving directory '/home/cciadmin/Infocom2023-RIC-O-Demo/build/CMakeFiles/CMakeTmp'
make: *** [Makefile:121: cmTC_0f004/fast] Error 2


Source file was:
#include <uhd.h>
    #include <uhd/usrp/multi_usrp.hpp>
    #include <uhd/transport/udp_simple.hpp>

    uhd::wb_iface::sptr x300_make_ctrl_iface_enet(uhd::transport::udp_simple::sptr udp, bool enable_errors);

    uhd_error try_usrp_x300_reset()
    {
      uhd::transport::udp_simple::sptr udp_simple = uhd::transport::udp_simple::make_connected("", "49152");
      uhd::wb_iface::sptr x300_ctrl = x300_make_ctrl_iface_enet(udp_simple, true);
      x300_ctrl->poke32(0x100058, 1);
      return UHD_ERROR_NONE;
    }

    int main(int argc, char** argv)
    {
      try_usrp_x300_reset();
      return 0;
    }
Performing C++ SOURCE FILE Test UHD_ENABLE_CUSTOM_RFNOC failed with the following output:
Change Dir: /home/cciadmin/Infocom2023-RIC-O-Demo/build/CMakeFiles/CMakeTmp

Run Build Command(s):/usr/bin/make cmTC_24e90/fast && /usr/bin/make -f CMakeFiles/cmTC_24e90.dir/build.make CMakeFiles/cmTC_24e90.dir/build
make[1]: Entering directory '/home/cciadmin/Infocom2023-RIC-O-Demo/build/CMakeFiles/CMakeTmp'
Building CXX object CMakeFiles/cmTC_24e90.dir/src.cxx.o
/usr/bin/c++    -DUHD_ENABLE_CUSTOM_RFNOC  -L/usr/local/lib   -o CMakeFiles/cmTC_24e90.dir/src.cxx.o -c /home/cciadmin/Infocom2023-RIC-O-Demo/build/CMakeFiles/CMakeTmp/src.cxx
/home/cciadmin/Infocom2023-RIC-O-Demo/build/CMakeFiles/CMakeTmp/src.cxx:3:14: fatal error: uhd/rfnoc/ddc_ch2_block_ctrl.hpp: No such file or directory
    3 |     #include <uhd/rfnoc/ddc_ch2_block_ctrl.hpp>
      |              ^~~~~~~~~~~~~~~~~~~~~~~~~~~~~~~~~~
compilation terminated.
make[1]: *** [CMakeFiles/cmTC_24e90.dir/build.make:66: CMakeFiles/cmTC_24e90.dir/src.cxx.o] Error 1
make[1]: Leaving directory '/home/cciadmin/Infocom2023-RIC-O-Demo/build/CMakeFiles/CMakeTmp'
make: *** [Makefile:121: cmTC_24e90/fast] Error 2


Source file was:
#include <uhd.h>
    #include <uhd/device3.hpp>
    #include <uhd/rfnoc/ddc_ch2_block_ctrl.hpp>

    static uhd::device3::sptr device3;
    static uhd::rfnoc::ddc_ch2_block_ctrl::sptr ddc_ctrl;

    uhd_error try_device3_ddc_ch2_ctrl()
    {
      ddc_ctrl = device3->get_block_ctrl<uhd::rfnoc::ddc_ch2_block_ctrl>(uhd::rfnoc::block_id_t("DDCch2_0"));
      return UHD_ERROR_NONE;
    }

    int main(int argc, char** argv)
    {
      try_device3_ddc_ch2_ctrl();
      return 0;
    }
Performing C SOURCE FILE Test HAVE_AVX512 failed with the following output:
Change Dir: /home/cciadmin/Infocom2023-RIC-O-Demo/build/CMakeFiles/CMakeTmp

Run Build Command(s):/usr/bin/make cmTC_20d60/fast && /usr/bin/make -f CMakeFiles/cmTC_20d60.dir/build.make CMakeFiles/cmTC_20d60.dir/build
make[1]: Entering directory '/home/cciadmin/Infocom2023-RIC-O-Demo/build/CMakeFiles/CMakeTmp'
Building C object CMakeFiles/cmTC_20d60.dir/src.c.o
/usr/bin/cc   -Wno-unused-but-set-variable -DHAVE_AVX512 -mavx512f -mavx512cd -mavx512bw -mavx512dq -DLV_HAVE_AVX512   -o CMakeFiles/cmTC_20d60.dir/src.c.o   -c /home/cciadmin/Infocom2023-RIC-O-Demo/build/CMakeFiles/CMakeTmp/src.c
Linking C executable cmTC_20d60
/usr/bin/cmake -E cmake_link_script CMakeFiles/cmTC_20d60.dir/link.txt --verbose=1
/usr/bin/cc  -Wno-unused-but-set-variable -DHAVE_AVX512 -mavx512f -mavx512cd -mavx512bw -mavx512dq -DLV_HAVE_AVX512    -rdynamic CMakeFiles/cmTC_20d60.dir/src.c.o  -o cmTC_20d60 
make[1]: Leaving directory '/home/cciadmin/Infocom2023-RIC-O-Demo/build/CMakeFiles/CMakeTmp'


Return value: FAILED_TO_RUN
Source file was:

          #include <immintrin.h>
          int main()
          {
            __m512i a, b, c;
            const int src[16] = { 0x0, 0x1, 0x2, 0x3, 0x4, 0x5, 0x6, 0x7, 0x8 , 0x9, 0xA, 0xB, 0xC, 0xD, 0xE, 0xF};
            int dst[16];
            a =  _mm512_loadu_si512( (__m512i*)src );
            b =  _mm512_loadu_si512( (__m512i*)src );
            c = _mm512_add_epi32( a, b );
            _mm512_storeu_si512( (__m512i*)dst, c );
            int i = 0;
            for( i = 0; i < 16; i++ ){
              if( ( src[i] + src[i] ) != dst[i] ){
                return -1;
              }
            }
            return 0;
          }
